0 verbose cli /Users/leonardodemurtas/.nvm/versions/node/v22.21.1/bin/node /Users/leonardodemurtas/.nvm/versions/node/v22.21.1/bin/npm
1 info using npm@10.9.4
2 info using node@v22.21.1
3 silly config load:file:/Users/leonardodemurtas/.nvm/versions/node/v22.21.1/lib/node_modules/npm/npmrc
4 silly config load:file:/Users/leonardodemurtas/Dev/portfolio-next/.npmrc
5 silly config load:file:/Users/leonardodemurtas/.npmrc
6 silly config load:file:/Users/leonardodemurtas/.nvm/versions/node/v22.21.1/etc/npmrc
7 verbose title npm install embla-carousel-react
8 verbose argv "install" "--cache" "./npm-cache" "embla-carousel-react"
9 verbose logfile logs-max:10 dir:/Users/leonardodemurtas/Dev/portfolio-next/npm-cache/_logs/2025-12-17T10_13_05_851Z-
10 verbose logfile /Users/leonardodemurtas/Dev/portfolio-next/npm-cache/_logs/2025-12-17T10_13_05_851Z-debug-0.log
11 silly logfile done cleaning log files
12 silly packumentCache heap:4345298944 maxSize:1086324736 maxEntrySize:543162368
13 silly idealTree buildDeps
14 silly fetch manifest embla-carousel-react@*
15 silly packumentCache full:https://registry.npmjs.org/embla-carousel-react cache-miss
16 http fetch GET 200 https://registry.npmjs.org/embla-carousel-react 680ms (cache miss)
17 silly packumentCache full:https://registry.npmjs.org/embla-carousel-react set size:undefined disposed:false
18 silly fetch manifest react@19.2.1
19 silly packumentCache full:https://registry.npmjs.org/react cache-miss
20 http fetch GET 200 https://registry.npmjs.org/react 535ms (cache miss)
21 silly packumentCache full:https://registry.npmjs.org/react set size:undefined disposed:false
22 silly placeDep ROOT embla-carousel-react@8.6.0 OK for: portfolio-next@0.1.0 want: *
23 silly fetch manifest embla-carousel@8.6.0
24 silly packumentCache full:https://registry.npmjs.org/embla-carousel cache-miss
25 silly fetch manifest embla-carousel-reactive-utils@8.6.0
26 silly packumentCache full:https://registry.npmjs.org/embla-carousel-reactive-utils cache-miss
27 http fetch GET 200 https://registry.npmjs.org/embla-carousel 137ms (cache miss)
28 silly packumentCache full:https://registry.npmjs.org/embla-carousel set size:undefined disposed:false
29 http fetch GET 200 https://registry.npmjs.org/embla-carousel-reactive-utils 504ms (cache miss)
30 silly packumentCache full:https://registry.npmjs.org/embla-carousel-reactive-utils set size:undefined disposed:false
31 silly placeDep ROOT embla-carousel@8.6.0 OK for: embla-carousel-react@8.6.0 want: 8.6.0
32 silly placeDep ROOT embla-carousel-reactive-utils@8.6.0 OK for: embla-carousel-react@8.6.0 want: 8.6.0
33 silly reify mark retired [ '/Users/leonardodemurtas/Dev/portfolio-next/node_modules/@next/env' ]
34 silly reify mark retired [
34 silly reify   '/Users/leonardodemurtas/Dev/portfolio-next/node_modules/@next/swc-darwin-arm64'
34 silly reify ]
35 silly reify mark retired [
35 silly reify   '/Users/leonardodemurtas/Dev/portfolio-next/node_modules/lucide-react'
35 silly reify ]
36 silly reify mark retired [
36 silly reify   '/Users/leonardodemurtas/Dev/portfolio-next/node_modules/next',
36 silly reify   '/Users/leonardodemurtas/Dev/portfolio-next/node_modules/.bin/next'
36 silly reify ]
37 silly reify moves {
37 silly reify   '/Users/leonardodemurtas/Dev/portfolio-next/node_modules/@next/env': '/Users/leonardodemurtas/Dev/portfolio-next/node_modules/@next/.env-pUZzCblT',
37 silly reify   '/Users/leonardodemurtas/Dev/portfolio-next/node_modules/@next/swc-darwin-arm64': '/Users/leonardodemurtas/Dev/portfolio-next/node_modules/@next/.swc-darwin-arm64-HjYhl1ap',
37 silly reify   '/Users/leonardodemurtas/Dev/portfolio-next/node_modules/lucide-react': '/Users/leonardodemurtas/Dev/portfolio-next/node_modules/.lucide-react-qA5RDRx4',
37 silly reify   '/Users/leonardodemurtas/Dev/portfolio-next/node_modules/next': '/Users/leonardodemurtas/Dev/portfolio-next/node_modules/.next-2GkaKJyx',
37 silly reify   '/Users/leonardodemurtas/Dev/portfolio-next/node_modules/.bin/next': '/Users/leonardodemurtas/Dev/portfolio-next/node_modules/.bin/.next-0qANEFkQ'
37 silly reify }
38 verbose reify failed optional dependency /Users/leonardodemurtas/Dev/portfolio-next/node_modules/@tailwindcss/oxide-wasm32-wasi
39 silly reify mark deleted [
39 silly reify   '/Users/leonardodemurtas/Dev/portfolio-next/node_modules/@tailwindcss/oxide-wasm32-wasi'
39 silly reify ]
40 silly audit bulk request {
40 silly audit   '@alloc/quick-lru': [ '5.2.0' ],
40 silly audit   '@babel/code-frame': [ '7.27.1' ],
40 silly audit   '@babel/compat-data': [ '7.28.5' ],
40 silly audit   '@babel/core': [ '7.28.5' ],
40 silly audit   '@babel/generator': [ '7.28.5' ],
40 silly audit   '@babel/helper-compilation-targets': [ '7.27.2' ],
40 silly audit   '@babel/helper-globals': [ '7.28.0' ],
40 silly audit   '@babel/helper-module-imports': [ '7.27.1' ],
40 silly audit   '@babel/helper-module-transforms': [ '7.28.3' ],
40 silly audit   '@babel/helper-string-parser': [ '7.27.1' ],
40 silly audit   '@babel/helper-validator-identifier': [ '7.28.5' ],
40 silly audit   '@babel/helper-validator-option': [ '7.27.1' ],
40 silly audit   '@babel/helpers': [ '7.28.4' ],
40 silly audit   '@babel/parser': [ '7.28.5' ],
40 silly audit   '@babel/template': [ '7.27.2' ],
40 silly audit   '@babel/traverse': [ '7.28.5' ],
40 silly audit   '@babel/types': [ '7.28.5' ],
40 silly audit   '@emnapi/core': [ '1.7.1' ],
40 silly audit   '@emnapi/runtime': [ '1.7.1' ],
40 silly audit   '@emnapi/wasi-threads': [ '1.1.0' ],
40 silly audit   '@eslint-community/eslint-utils': [ '4.9.0' ],
40 silly audit   'eslint-visitor-keys': [ '3.4.3', '4.2.1' ],
40 silly audit   '@eslint-community/regexpp': [ '4.12.2' ],
40 silly audit   '@eslint/config-array': [ '0.21.1' ],
40 silly audit   '@eslint/config-helpers': [ '0.4.2' ],
40 silly audit   '@eslint/core': [ '0.17.0' ],
40 silly audit   '@eslint/eslintrc': [ '3.3.3' ],
40 silly audit   '@eslint/js': [ '9.39.1' ],
40 silly audit   '@eslint/object-schema': [ '2.1.7' ],
40 silly audit   '@eslint/plugin-kit': [ '0.4.1' ],
40 silly audit   '@humanfs/core': [ '0.19.1' ],
40 silly audit   '@humanfs/node': [ '0.16.7' ],
40 silly audit   '@humanwhocodes/module-importer': [ '1.0.1' ],
40 silly audit   '@humanwhocodes/retry': [ '0.4.3' ],
40 silly audit   '@img/colour': [ '1.0.0' ],
40 silly audit   '@img/sharp-darwin-arm64': [ '0.34.5' ],
40 silly audit   '@img/sharp-darwin-x64': [ '0.34.5' ],
40 silly audit   '@img/sharp-libvips-darwin-arm64': [ '1.2.4' ],
40 silly audit   '@img/sharp-libvips-darwin-x64': [ '1.2.4' ],
40 silly audit   '@img/sharp-libvips-linux-arm': [ '1.2.4' ],
40 silly audit   '@img/sharp-libvips-linux-arm64': [ '1.2.4' ],
40 silly audit   '@img/sharp-libvips-linux-ppc64': [ '1.2.4' ],
40 silly audit   '@img/sharp-libvips-linux-riscv64': [ '1.2.4' ],
40 silly audit   '@img/sharp-libvips-linux-s390x': [ '1.2.4' ],
40 silly audit   '@img/sharp-libvips-linux-x64': [ '1.2.4' ],
40 silly audit   '@img/sharp-libvips-linuxmusl-arm64': [ '1.2.4' ],
40 silly audit   '@img/sharp-libvips-linuxmusl-x64': [ '1.2.4' ],
40 silly audit   '@img/sharp-linux-arm': [ '0.34.5' ],
40 silly audit   '@img/sharp-linux-arm64': [ '0.34.5' ],
40 silly audit   '@img/sharp-linux-ppc64': [ '0.34.5' ],
40 silly audit   '@img/sharp-linux-riscv64': [ '0.34.5' ],
40 silly audit   '@img/sharp-linux-s390x': [ '0.34.5' ],
40 silly audit   '@img/sharp-linux-x64': [ '0.34.5' ],
40 silly audit   '@img/sharp-linuxmusl-arm64': [ '0.34.5' ],
40 silly audit   '@img/sharp-linuxmusl-x64': [ '0.34.5' ],
40 silly audit   '@img/sharp-wasm32': [ '0.34.5' ],
40 silly audit   '@img/sharp-win32-arm64': [ '0.34.5' ],
40 silly audit   '@img/sharp-win32-ia32': [ '0.34.5' ],
40 silly audit   '@img/sharp-win32-x64': [ '0.34.5' ],
40 silly audit   '@jridgewell/gen-mapping': [ '0.3.13' ],
40 silly audit   '@jridgewell/remapping': [ '2.3.5' ],
40 silly audit   '@jridgewell/resolve-uri': [ '3.1.2' ],
40 silly audit   '@jridgewell/sourcemap-codec': [ '1.5.5' ],
40 silly audit   '@jridgewell/trace-mapping': [ '0.3.31' ],
40 silly audit   '@napi-rs/wasm-runtime': [ '0.2.12' ],
40 silly audit   '@next/env': [ '16.0.8' ],
40 silly audit   '@next/eslint-plugin-next': [ '16.0.8' ],
40 silly audit   '@next/swc-darwin-arm64': [ '16.0.8' ],
40 silly audit   '@next/swc-darwin-x64': [ '16.0.8' ],
40 silly audit   '@next/swc-linux-arm64-gnu': [ '16.0.8' ],
40 silly audit   '@next/swc-linux-arm64-musl': [ '16.0.8' ],
40 silly audit   '@next/swc-linux-x64-gnu': [ '16.0.8' ],
40 silly audit   '@next/swc-linux-x64-musl': [ '16.0.8' ],
40 silly audit   '@next/swc-win32-arm64-msvc': [ '16.0.8' ],
40 silly audit   '@next/swc-win32-x64-msvc': [ '16.0.8' ],
40 silly audit   '@nodelib/fs.scandir': [ '2.1.5' ],
40 silly audit   '@nodelib/fs.stat': [ '2.0.5' ],
40 silly audit   '@nodelib/fs.walk': [ '1.2.8' ],
40 silly audit   '@nolyfill/is-core-module': [ '1.0.39' ],
40 silly audit   '@rtsao/scc': [ '1.1.0' ],
40 silly audit   '@swc/helpers': [ '0.5.15' ],
40 silly audit   '@tailwindcss/node': [ '4.1.17' ],
40 silly audit   '@tailwindcss/oxide': [ '4.1.17' ],
40 silly audit   '@tailwindcss/oxide-android-arm64': [ '4.1.17' ],
40 silly audit   '@tailwindcss/oxide-darwin-arm64': [ '4.1.17' ],
40 silly audit   '@tailwindcss/oxide-darwin-x64': [ '4.1.17' ],
40 silly audit   '@tailwindcss/oxide-freebsd-x64': [ '4.1.17' ],
40 silly audit   '@tailwindcss/oxide-linux-arm-gnueabihf': [ '4.1.17' ],
40 silly audit   '@tailwindcss/oxide-linux-arm64-gnu': [ '4.1.17' ],
40 silly audit   '@tailwindcss/oxide-linux-arm64-musl': [ '4.1.17' ],
40 silly audit   '@tailwindcss/oxide-linux-x64-gnu': [ '4.1.17' ],
40 silly audit   '@tailwindcss/oxide-linux-x64-musl': [ '4.1.17' ],
40 silly audit   '@tailwindcss/oxide-win32-arm64-msvc': [ '4.1.17' ],
40 silly audit   '@tailwindcss/oxide-win32-x64-msvc': [ '4.1.17' ],
40 silly audit   '@tailwindcss/postcss': [ '4.1.17' ],
40 silly audit   '@tybys/wasm-util': [ '0.10.1' ],
40 silly audit   '@types/debug': [ '4.1.12' ],
40 silly audit   '@types/estree': [ '1.0.8' ],
40 silly audit   '@types/estree-jsx': [ '1.0.5' ],
40 silly audit   '@types/hast': [ '3.0.4' ],
40 silly audit   '@types/json-schema': [ '7.0.15' ],
40 silly audit   '@types/json5': [ '0.0.29' ],
40 silly audit   '@types/mdast': [ '4.0.4' ],
40 silly audit   '@types/ms': [ '2.1.0' ],
40 silly audit   '@types/node': [ '20.19.26' ],
40 silly audit   '@types/react': [ '19.2.7' ],
40 silly audit   '@types/react-dom': [ '19.2.3' ],
40 silly audit   '@types/unist': [ '3.0.3', '2.0.11' ],
40 silly audit   '@typescript-eslint/eslint-plugin': [ '8.49.0' ],
40 silly audit   ignore: [ '7.0.5', '5.3.2' ],
40 silly audit   '@typescript-eslint/parser': [ '8.49.0' ],
40 silly audit   '@typescript-eslint/project-service': [ '8.49.0' ],
40 silly audit   '@typescript-eslint/scope-manager': [ '8.49.0' ],
40 silly audit   '@typescript-eslint/tsconfig-utils': [ '8.49.0' ],
40 silly audit   '@typescript-eslint/type-utils': [ '8.49.0' ],
40 silly audit   '@typescript-eslint/types': [ '8.49.0' ],
40 silly audit   '@typescript-eslint/typescript-estree': [ '8.49.0' ],
40 silly audit   'brace-expansion': [ '2.0.2', '1.1.12' ],
40 silly audit   minimatch: [ '9.0.5', '3.1.2' ],
40 silly audit   semver: [ '7.7.3', '6.3.1' ],
40 silly audit   '@typescript-eslint/utils': [ '8.49.0' ],
40 silly audit   '@typescript-eslint/visitor-keys': [ '8.49.0' ],
40 silly audit   '@ungap/structured-clone': [ '1.3.0' ],
40 silly audit   '@unrs/resolver-binding-android-arm-eabi': [ '1.11.1' ],
40 silly audit   '@unrs/resolver-binding-android-arm64': [ '1.11.1' ],
40 silly audit   '@unrs/resolver-binding-darwin-arm64': [ '1.11.1' ],
40 silly audit   '@unrs/resolver-binding-darwin-x64': [ '1.11.1' ],
40 silly audit   '@unrs/resolver-binding-freebsd-x64': [ '1.11.1' ],
40 silly audit   '@unrs/resolver-binding-linux-arm-gnueabihf': [ '1.11.1' ],
40 silly audit   '@unrs/resolver-binding-linux-arm-musleabihf': [ '1.11.1' ],
40 silly audit   '@unrs/resolver-binding-linux-arm64-gnu': [ '1.11.1' ],
40 silly audit   '@unrs/resolver-binding-linux-arm64-musl': [ '1.11.1' ],
40 silly audit   '@unrs/resolver-binding-linux-ppc64-gnu': [ '1.11.1' ],
40 silly audit   '@unrs/resolver-binding-linux-riscv64-gnu': [ '1.11.1' ],
40 silly audit   '@unrs/resolver-binding-linux-riscv64-musl': [ '1.11.1' ],
40 silly audit   '@unrs/resolver-binding-linux-s390x-gnu': [ '1.11.1' ],
40 silly audit   '@unrs/resolver-binding-linux-x64-gnu': [ '1.11.1' ],
40 silly audit   '@unrs/resolver-binding-linux-x64-musl': [ '1.11.1' ],
40 silly audit   '@unrs/resolver-binding-wasm32-wasi': [ '1.11.1' ],
40 silly audit   '@unrs/resolver-binding-win32-arm64-msvc': [ '1.11.1' ],
40 silly audit   '@unrs/resolver-binding-win32-ia32-msvc': [ '1.11.1' ],
40 silly audit   '@unrs/resolver-binding-win32-x64-msvc': [ '1.11.1' ],
40 silly audit   acorn: [ '8.15.0' ],
40 silly audit   'acorn-jsx': [ '5.3.2' ],
40 silly audit   ajv: [ '6.12.6' ],
40 silly audit   'ansi-styles': [ '4.3.0' ],
40 silly audit   argparse: [ '2.0.1' ],
40 silly audit   'aria-query': [ '5.3.2' ],
40 silly audit   'array-buffer-byte-length': [ '1.0.2' ],
40 silly audit   'array-includes': [ '3.1.9' ],
40 silly audit   'array.prototype.findlast': [ '1.2.5' ],
40 silly audit   'array.prototype.findlastindex': [ '1.2.6' ],
40 silly audit   'array.prototype.flat': [ '1.3.3' ],
40 silly audit   'array.prototype.flatmap': [ '1.3.3' ],
40 silly audit   'array.prototype.tosorted': [ '1.1.4' ],
40 silly audit   'arraybuffer.prototype.slice': [ '1.0.4' ],
40 silly audit   'ast-types-flow': [ '0.0.8' ],
40 silly audit   'async-function': [ '1.0.0' ],
40 silly audit   'available-typed-arrays': [ '1.0.7' ],
40 silly audit   'axe-core': [ '4.11.0' ],
40 silly audit   'axobject-query': [ '4.1.0' ],
40 silly audit   bail: [ '2.0.2' ],
40 silly audit   'balanced-match': [ '1.0.2' ],
40 silly audit   'baseline-browser-mapping': [ '2.9.6' ],
40 silly audit   braces: [ '3.0.3' ],
40 silly audit   browserslist: [ '4.28.1' ],
40 silly audit   'call-bind': [ '1.0.8' ],
40 silly audit   'call-bind-apply-helpers': [ '1.0.2' ],
40 silly audit   'call-bound': [ '1.0.4' ],
40 silly audit   callsites: [ '3.1.0' ],
40 silly audit   'caniuse-lite': [ '1.0.30001760' ],
40 silly audit   ccount: [ '2.0.1' ],
40 silly audit   chalk: [ '4.1.2' ],
40 silly audit   'character-entities': [ '2.0.2' ],
40 silly audit   'character-entities-html4': [ '2.1.0' ],
40 silly audit   'character-entities-legacy': [ '3.0.0' ],
40 silly audit   'character-reference-invalid': [ '2.0.1' ],
40 silly audit   'client-only': [ '0.0.1' ],
40 silly audit   'color-convert': [ '2.0.1' ],
40 silly audit   'color-name': [ '1.1.4' ],
40 silly audit   'comma-separated-tokens': [ '2.0.3' ],
40 silly audit   'concat-map': [ '0.0.1' ],
40 silly audit   'convert-source-map': [ '2.0.0' ],
40 silly audit   'cross-spawn': [ '7.0.6' ],
40 silly audit   csstype: [ '3.2.3' ],
40 silly audit   'damerau-levenshtein': [ '1.0.8' ],
40 silly audit   'data-view-buffer': [ '1.0.2' ],
40 silly audit   'data-view-byte-length': [ '1.0.2' ],
40 silly audit   'data-view-byte-offset': [ '1.0.1' ],
40 silly audit   debug: [ '4.4.3', '3.2.7' ],
40 silly audit   'decode-named-character-reference': [ '1.2.0' ],
40 silly audit   'deep-is': [ '0.1.4' ],
40 silly audit   'define-data-property': [ '1.1.4' ],
40 silly audit   'define-properties': [ '1.2.1' ],
40 silly audit   dequal: [ '2.0.3' ],
40 silly audit   'detect-libc': [ '2.1.2' ],
40 silly audit   devlop: [ '1.1.0' ],
40 silly audit   doctrine: [ '2.1.0' ],
40 silly audit   'dunder-proto': [ '1.0.1' ],
40 silly audit   'electron-to-chromium': [ '1.5.267' ],
40 silly audit   'emoji-regex': [ '9.2.2' ],
40 silly audit   'enhanced-resolve': [ '5.18.3' ],
40 silly audit   'es-abstract': [ '1.24.0' ],
40 silly audit   'es-define-property': [ '1.0.1' ],
40 silly audit   'es-errors': [ '1.3.0' ],
40 silly audit   'es-iterator-helpers': [ '1.2.1' ],
40 silly audit   'es-object-atoms': [ '1.1.1' ],
40 silly audit   'es-set-tostringtag': [ '2.1.0' ],
40 silly audit   'es-shim-unscopables': [ '1.1.0' ],
40 silly audit   'es-to-primitive': [ '1.3.0' ],
40 silly audit   escalade: [ '3.2.0' ],
40 silly audit   'escape-string-regexp': [ '4.0.0' ],
40 silly audit   eslint: [ '9.39.1' ],
40 silly audit   'eslint-config-next': [ '16.0.8' ],
40 silly audit   globals: [ '16.4.0', '14.0.0' ],
40 silly audit   'eslint-import-resolver-node': [ '0.3.9' ],
40 silly audit   'eslint-import-resolver-typescript': [ '3.10.1' ],
40 silly audit   'eslint-module-utils': [ '2.12.1' ],
40 silly audit   'eslint-plugin-import': [ '2.32.0' ],
40 silly audit   'eslint-plugin-jsx-a11y': [ '6.10.2' ],
40 silly audit   'eslint-plugin-react': [ '7.37.5' ],
40 silly audit   'eslint-plugin-react-hooks': [ '7.0.1' ],
40 silly audit   resolve: [ '2.0.0-next.5', '1.22.11' ],
40 silly audit   'eslint-scope': [ '8.4.0' ],
40 silly audit   espree: [ '10.4.0' ],
40 silly audit   esquery: [ '1.6.0' ],
40 silly audit   esrecurse: [ '4.3.0' ],
40 silly audit   estraverse: [ '5.3.0' ],
40 silly audit   'estree-util-is-identifier-name': [ '3.0.0' ],
40 silly audit   esutils: [ '2.0.3' ],
40 silly audit   extend: [ '3.0.2' ],
40 silly audit   'fast-deep-equal': [ '3.1.3' ],
40 silly audit   'fast-glob': [ '3.3.1' ],
40 silly audit   'glob-parent': [ '5.1.2', '6.0.2' ],
40 silly audit   'fast-json-stable-stringify': [ '2.1.0' ],
40 silly audit   'fast-levenshtein': [ '2.0.6' ],
40 silly audit   fastq: [ '1.19.1' ],
40 silly audit   'file-entry-cache': [ '8.0.0' ],
40 silly audit   'fill-range': [ '7.1.1' ],
40 silly audit   'find-up': [ '5.0.0' ],
40 silly audit   'flat-cache': [ '4.0.1' ],
40 silly audit   flatted: [ '3.3.3' ],
40 silly audit   'for-each': [ '0.3.5' ],
40 silly audit   'function-bind': [ '1.1.2' ],
40 silly audit   'function.prototype.name': [ '1.1.8' ],
40 silly audit   'functions-have-names': [ '1.2.3' ],
40 silly audit   'generator-function': [ '2.0.1' ],
40 silly audit   gensync: [ '1.0.0-beta.2' ],
40 silly audit   'get-intrinsic': [ '1.3.0' ],
40 silly audit   'get-proto': [ '1.0.1' ],
40 silly audit   'get-symbol-description': [ '1.1.0' ],
40 silly audit   'get-tsconfig': [ '4.13.0' ],
40 silly audit   globalthis: [ '1.0.4' ],
40 silly audit   gopd: [ '1.2.0' ],
40 silly audit   'graceful-fs': [ '4.2.11' ],
40 silly audit   'has-bigints': [ '1.1.0' ],
40 silly audit   'has-flag': [ '4.0.0' ],
40 silly audit   'has-property-descriptors': [ '1.0.2' ],
40 silly audit   'has-proto': [ '1.2.0' ],
40 silly audit   'has-symbols': [ '1.1.0' ],
40 silly audit   'has-tostringtag': [ '1.0.2' ],
40 silly audit   hasown: [ '2.0.2' ],
40 silly audit   'hast-util-to-jsx-runtime': [ '2.3.6' ],
40 silly audit   'hast-util-whitespace': [ '3.0.0' ],
40 silly audit   'hermes-estree': [ '0.25.1' ],
40 silly audit   'hermes-parser': [ '0.25.1' ],
40 silly audit   'html-url-attributes': [ '3.0.1' ],
40 silly audit   'import-fresh': [ '3.3.1' ],
40 silly audit   imurmurhash: [ '0.1.4' ],
40 silly audit   'inline-style-parser': [ '0.2.7' ],
40 silly audit   'internal-slot': [ '1.1.0' ],
40 silly audit   'is-alphabetical': [ '2.0.1' ],
40 silly audit   'is-alphanumerical': [ '2.0.1' ],
40 silly audit   'is-array-buffer': [ '3.0.5' ],
40 silly audit   'is-async-function': [ '2.1.1' ],
40 silly audit   'is-bigint': [ '1.1.0' ],
40 silly audit   'is-boolean-object': [ '1.2.2' ],
40 silly audit   'is-bun-module': [ '2.0.0' ],
40 silly audit   'is-callable': [ '1.2.7' ],
40 silly audit   'is-core-module': [ '2.16.1' ],
40 silly audit   'is-data-view': [ '1.0.2' ],
40 silly audit   'is-date-object': [ '1.1.0' ],
40 silly audit   'is-decimal': [ '2.0.1' ],
40 silly audit   'is-extglob': [ '2.1.1' ],
40 silly audit   'is-finalizationregistry': [ '1.1.1' ],
40 silly audit   'is-generator-function': [ '1.1.2' ],
40 silly audit   'is-glob': [ '4.0.3' ],
40 silly audit   'is-hexadecimal': [ '2.0.1' ],
40 silly audit   'is-map': [ '2.0.3' ],
40 silly audit   'is-negative-zero': [ '2.0.3' ],
40 silly audit   'is-number': [ '7.0.0' ],
40 silly audit   'is-number-object': [ '1.1.1' ],
40 silly audit   'is-plain-obj': [ '4.1.0' ],
40 silly audit   'is-regex': [ '1.2.1' ],
40 silly audit   'is-set': [ '2.0.3' ],
40 silly audit   'is-shared-array-buffer': [ '1.0.4' ],
40 silly audit   'is-string': [ '1.1.1' ],
40 silly audit   'is-symbol': [ '1.1.1' ],
40 silly audit   'is-typed-array': [ '1.1.15' ],
40 silly audit   'is-weakmap': [ '2.0.2' ],
40 silly audit   'is-weakref': [ '1.1.1' ],
40 silly audit   'is-weakset': [ '2.0.4' ],
40 silly audit   isarray: [ '2.0.5' ],
40 silly audit   isexe: [ '2.0.0' ],
40 silly audit   'iterator.prototype': [ '1.1.5' ],
40 silly audit   jiti: [ '2.6.1' ],
40 silly audit   'js-tokens': [ '4.0.0' ],
40 silly audit   'js-yaml': [ '4.1.1' ],
40 silly audit   jsesc: [ '3.1.0' ],
40 silly audit   'json-buffer': [ '3.0.1' ],
40 silly audit   'json-schema-traverse': [ '0.4.1' ],
40 silly audit   'json-stable-stringify-without-jsonify': [ '1.0.1' ],
40 silly audit   json5: [ '2.2.3', '1.0.2' ],
40 silly audit   'jsx-ast-utils': [ '3.3.5' ],
40 silly audit   keyv: [ '4.5.4' ],
40 silly audit   'language-subtag-registry': [ '0.3.23' ],
40 silly audit   'language-tags': [ '1.0.9' ],
40 silly audit   levn: [ '0.4.1' ],
40 silly audit   lightningcss: [ '1.30.2' ],
40 silly audit   'lightningcss-android-arm64': [ '1.30.2' ],
40 silly audit   'lightningcss-darwin-arm64': [ '1.30.2' ],
40 silly audit   'lightningcss-darwin-x64': [ '1.30.2' ],
40 silly audit   'lightningcss-freebsd-x64': [ '1.30.2' ],
40 silly audit   'lightningcss-linux-arm-gnueabihf': [ '1.30.2' ],
40 silly audit   'lightningcss-linux-arm64-gnu': [ '1.30.2' ],
40 silly audit   'lightningcss-linux-arm64-musl': [ '1.30.2' ],
40 silly audit   'lightningcss-linux-x64-gnu': [ '1.30.2' ],
40 silly audit   'lightningcss-linux-x64-musl': [ '1.30.2' ],
40 silly audit   'lightningcss-win32-arm64-msvc': [ '1.30.2' ],
40 silly audit   'lightningcss-win32-x64-msvc': [ '1.30.2' ],
40 silly audit   'locate-path': [ '6.0.0' ],
40 silly audit   'lodash.merge': [ '4.6.2' ],
40 silly audit   'longest-streak': [ '3.1.0' ],
40 silly audit   'loose-envify': [ '1.4.0' ],
40 silly audit   'lru-cache': [ '5.1.1' ],
40 silly audit   'magic-string': [ '0.30.21' ],
40 silly audit   'math-intrinsics': [ '1.1.0' ],
40 silly audit   'mdast-util-from-markdown': [ '2.0.2' ],
40 silly audit   'mdast-util-mdx-expression': [ '2.0.1' ],
40 silly audit   'mdast-util-mdx-jsx': [ '3.2.0' ],
40 silly audit   'mdast-util-mdxjs-esm': [ '2.0.1' ],
40 silly audit   'mdast-util-phrasing': [ '4.1.0' ],
40 silly audit   'mdast-util-to-hast': [ '13.2.1' ],
40 silly audit   'mdast-util-to-markdown': [ '2.1.2' ],
40 silly audit   'mdast-util-to-string': [ '4.0.0' ],
40 silly audit   merge2: [ '1.4.1' ],
40 silly audit   micromark: [ '4.0.2' ],
40 silly audit   'micromark-core-commonmark': [ '2.0.3' ],
40 silly audit   'micromark-factory-destination': [ '2.0.1' ],
40 silly audit   'micromark-factory-label': [ '2.0.1' ],
40 silly audit   'micromark-factory-space': [ '2.0.1' ],
40 silly audit   'micromark-factory-title': [ '2.0.1' ],
40 silly audit   'micromark-factory-whitespace': [ '2.0.1' ],
40 silly audit   'micromark-util-character': [ '2.1.1' ],
40 silly audit   'micromark-util-chunked': [ '2.0.1' ],
40 silly audit   'micromark-util-classify-character': [ '2.0.1' ],
40 silly audit   'micromark-util-combine-extensions': [ '2.0.1' ],
40 silly audit   'micromark-util-decode-numeric-character-reference': [ '2.0.2' ],
40 silly audit   'micromark-util-decode-string': [ '2.0.1' ],
40 silly audit   'micromark-util-encode': [ '2.0.1' ],
40 silly audit   'micromark-util-html-tag-name': [ '2.0.1' ],
40 silly audit   'micromark-util-normalize-identifier': [ '2.0.1' ],
40 silly audit   'micromark-util-resolve-all': [ '2.0.1' ],
40 silly audit   'micromark-util-sanitize-uri': [ '2.0.1' ],
40 silly audit   'micromark-util-subtokenize': [ '2.1.0' ],
40 silly audit   'micromark-util-symbol': [ '2.0.1' ],
40 silly audit   'micromark-util-types': [ '2.0.2' ],
40 silly audit   micromatch: [ '4.0.8' ],
40 silly audit   minimist: [ '1.2.8' ],
40 silly audit   ms: [ '2.1.3' ],
40 silly audit   nanoid: [ '3.3.11' ],
40 silly audit   'napi-postinstall': [ '0.3.4' ],
40 silly audit   'natural-compare': [ '1.4.0' ],
40 silly audit   next: [ '16.0.8' ],
40 silly audit   postcss: [ '8.4.31', '8.5.6' ],
40 silly audit   'node-releases': [ '2.0.27' ],
40 silly audit   'object-assign': [ '4.1.1' ],
40 silly audit   'object-inspect': [ '1.13.4' ],
40 silly audit   'object-keys': [ '1.1.1' ],
40 silly audit   'object.assign': [ '4.1.7' ],
40 silly audit   'object.entries': [ '1.1.9' ],
40 silly audit   'object.fromentries': [ '2.0.8' ],
40 silly audit   'object.groupby': [ '1.0.3' ],
40 silly audit   'object.values': [ '1.2.1' ],
40 silly audit   optionator: [ '0.9.4' ],
40 silly audit   'own-keys': [ '1.0.1' ],
40 silly audit   'p-limit': [ '3.1.0' ],
40 silly audit   'p-locate': [ '5.0.0' ],
40 silly audit   'parent-module': [ '1.0.1' ],
40 silly audit   'parse-entities': [ '4.0.2' ],
40 silly audit   'path-exists': [ '4.0.0' ],
40 silly audit   'path-key': [ '3.1.1' ],
40 silly audit   'path-parse': [ '1.0.7' ],
40 silly audit   picocolors: [ '1.1.1' ],
40 silly audit   picomatch: [ '2.3.1', '4.0.3' ],
40 silly audit   'possible-typed-array-names': [ '1.1.0' ],
40 silly audit   'prelude-ls': [ '1.2.1' ],
40 silly audit   'prop-types': [ '15.8.1' ],
40 silly audit   'property-information': [ '7.1.0' ],
40 silly audit   punycode: [ '2.3.1' ],
40 silly audit   'queue-microtask': [ '1.2.3' ],
40 silly audit   react: [ '19.2.1' ],
40 silly audit   'react-dom': [ '19.2.1' ],
40 silly audit   'react-is': [ '16.13.1' ],
40 silly audit   'react-markdown': [ '10.1.0' ],
40 silly audit   'reflect.getprototypeof': [ '1.0.10' ],
40 silly audit   'regexp.prototype.flags': [ '1.5.4' ],
40 silly audit   'remark-parse': [ '11.0.0' ],
40 silly audit   'remark-rehype': [ '11.1.2' ],
40 silly audit   'resolve-from': [ '4.0.0' ],
40 silly audit   'resolve-pkg-maps': [ '1.0.0' ],
40 silly audit   reusify: [ '1.1.0' ],
40 silly audit   'run-parallel': [ '1.2.0' ],
40 silly audit   'safe-array-concat': [ '1.1.3' ],
40 silly audit   'safe-push-apply': [ '1.0.0' ],
40 silly audit   'safe-regex-test': [ '1.1.0' ],
40 silly audit   scheduler: [ '0.27.0' ],
40 silly audit   'set-function-length': [ '1.2.2' ],
40 silly audit   'set-function-name': [ '2.0.2' ],
40 silly audit   'set-proto': [ '1.0.0' ],
40 silly audit   sharp: [ '0.34.5' ],
40 silly audit   'shebang-command': [ '2.0.0' ],
40 silly audit   'shebang-regex': [ '3.0.0' ],
40 silly audit   'side-channel': [ '1.1.0' ],
40 silly audit   'side-channel-list': [ '1.0.0' ],
40 silly audit   'side-channel-map': [ '1.0.1' ],
40 silly audit   'side-channel-weakmap': [ '1.0.2' ],
40 silly audit   'source-map-js': [ '1.2.1' ],
40 silly audit   'space-separated-tokens': [ '2.0.2' ],
40 silly audit   'stable-hash': [ '0.0.5' ],
40 silly audit   'stop-iteration-iterator': [ '1.1.0' ],
40 silly audit   'string.prototype.includes': [ '2.0.1' ],
40 silly audit   'string.prototype.matchall': [ '4.0.12' ],
40 silly audit   'string.prototype.repeat': [ '1.0.0' ],
40 silly audit   'string.prototype.trim': [ '1.2.10' ],
40 silly audit   'string.prototype.trimend': [ '1.0.9' ],
40 silly audit   'string.prototype.trimstart': [ '1.0.8' ],
40 silly audit   'stringify-entities': [ '4.0.4' ],
40 silly audit   'strip-bom': [ '3.0.0' ],
40 silly audit   'strip-json-comments': [ '3.1.1' ],
40 silly audit   'style-to-js': [ '1.1.21' ],
40 silly audit   'style-to-object': [ '1.0.14' ],
40 silly audit   'styled-jsx': [ '5.1.6' ],
40 silly audit   'supports-color': [ '7.2.0' ],
40 silly audit   'supports-preserve-symlinks-flag': [ '1.0.0' ],
40 silly audit   tailwindcss: [ '4.1.17' ],
40 silly audit   tapable: [ '2.3.0' ],
40 silly audit   tinyglobby: [ '0.2.15' ],
40 silly audit   fdir: [ '6.5.0' ],
40 silly audit   'to-regex-range': [ '5.0.1' ],
40 silly audit   'trim-lines': [ '3.0.1' ],
40 silly audit   trough: [ '2.2.0' ],
40 silly audit   'ts-api-utils': [ '2.1.0' ],
40 silly audit   'tsconfig-paths': [ '3.15.0' ],
40 silly audit   tslib: [ '2.8.1' ],
40 silly audit   'type-check': [ '0.4.0' ],
40 silly audit   'typed-array-buffer': [ '1.0.3' ],
40 silly audit   'typed-array-byte-length': [ '1.0.3' ],
40 silly audit   'typed-array-byte-offset': [ '1.0.4' ],
40 silly audit   'typed-array-length': [ '1.0.7' ],
40 silly audit   typescript: [ '5.9.3' ],
40 silly audit   'typescript-eslint': [ '8.49.0' ],
40 silly audit   'unbox-primitive': [ '1.1.0' ],
40 silly audit   'undici-types': [ '6.21.0' ],
40 silly audit   unified: [ '11.0.5' ],
40 silly audit   'unist-util-is': [ '6.0.1' ],
40 silly audit   'unist-util-position': [ '5.0.0' ],
40 silly audit   'unist-util-stringify-position': [ '4.0.0' ],
40 silly audit   'unist-util-visit': [ '5.0.0' ],
40 silly audit   'unist-util-visit-parents': [ '6.0.2' ],
40 silly audit   'unrs-resolver': [ '1.11.1' ],
40 silly audit   'update-browserslist-db': [ '1.2.2' ],
40 silly audit   'uri-js': [ '4.4.1' ],
40 silly audit   vfile: [ '6.0.3' ],
40 silly audit   'vfile-message': [ '4.0.3' ],
40 silly audit   which: [ '2.0.2' ],
40 silly audit   'which-boxed-primitive': [ '1.1.1' ],
40 silly audit   'which-builtin-type': [ '1.2.1' ],
40 silly audit   'which-collection': [ '1.0.2' ],
40 silly audit   'which-typed-array': [ '1.1.19' ],
40 silly audit   'word-wrap': [ '1.2.5' ],
40 silly audit   yallist: [ '3.1.1' ],
40 silly audit   'yocto-queue': [ '0.1.0' ],
40 silly audit   zod: [ '4.1.13' ],
40 silly audit   'zod-validation-error': [ '4.0.2' ],
40 silly audit   zwitch: [ '2.0.4' ],
40 silly audit   'embla-carousel-react': [ '8.6.0' ],
40 silly audit   'embla-carousel': [ '8.6.0' ],
40 silly audit   'embla-carousel-reactive-utils': [ '8.6.0' ],
40 silly audit   '@tailwindcss/oxide-wasm32-wasi': [ '4.1.17' ]
40 silly audit }
41 verbose reify failed optional dependency /Users/leonardodemurtas/Dev/portfolio-next/node_modules/lightningcss-win32-x64-msvc
42 silly reify mark deleted [
42 silly reify   '/Users/leonardodemurtas/Dev/portfolio-next/node_modules/lightningcss-win32-x64-msvc'
42 silly reify ]
43 verbose reify failed optional dependency /Users/leonardodemurtas/Dev/portfolio-next/node_modules/lightningcss-win32-arm64-msvc
44 silly reify mark deleted [
44 silly reify   '/Users/leonardodemurtas/Dev/portfolio-next/node_modules/lightningcss-win32-arm64-msvc'
44 silly reify ]
45 verbose reify failed optional dependency /Users/leonardodemurtas/Dev/portfolio-next/node_modules/lightningcss-linux-x64-musl
46 silly reify mark deleted [
46 silly reify   '/Users/leonardodemurtas/Dev/portfolio-next/node_modules/lightningcss-linux-x64-musl'
46 silly reify ]
47 verbose reify failed optional dependency /Users/leonardodemurtas/Dev/portfolio-next/node_modules/lightningcss-linux-x64-gnu
48 silly reify mark deleted [
48 silly reify   '/Users/leonardodemurtas/Dev/portfolio-next/node_modules/lightningcss-linux-x64-gnu'
48 silly reify ]
49 verbose reify failed optional dependency /Users/leonardodemurtas/Dev/portfolio-next/node_modules/lightningcss-linux-arm64-musl
50 silly reify mark deleted [
50 silly reify   '/Users/leonardodemurtas/Dev/portfolio-next/node_modules/lightningcss-linux-arm64-musl'
50 silly reify ]
51 verbose reify failed optional dependency /Users/leonardodemurtas/Dev/portfolio-next/node_modules/lightningcss-linux-arm64-gnu
52 silly reify mark deleted [
52 silly reify   '/Users/leonardodemurtas/Dev/portfolio-next/node_modules/lightningcss-linux-arm64-gnu'
52 silly reify ]
53 verbose reify failed optional dependency /Users/leonardodemurtas/Dev/portfolio-next/node_modules/lightningcss-linux-arm-gnueabihf
54 silly reify mark deleted [
54 silly reify   '/Users/leonardodemurtas/Dev/portfolio-next/node_modules/lightningcss-linux-arm-gnueabihf'
54 silly reify ]
55 verbose reify failed optional dependency /Users/leonardodemurtas/Dev/portfolio-next/node_modules/lightningcss-freebsd-x64
56 silly reify mark deleted [
56 silly reify   '/Users/leonardodemurtas/Dev/portfolio-next/node_modules/lightningcss-freebsd-x64'
56 silly reify ]
57 verbose reify failed optional dependency /Users/leonardodemurtas/Dev/portfolio-next/node_modules/lightningcss-android-arm64
58 silly reify mark deleted [
58 silly reify   '/Users/leonardodemurtas/Dev/portfolio-next/node_modules/lightningcss-android-arm64'
58 silly reify ]
59 verbose reify failed optional dependency /Users/leonardodemurtas/Dev/portfolio-next/node_modules/@unrs/resolver-binding-win32-x64-msvc
60 silly reify mark deleted [
60 silly reify   '/Users/leonardodemurtas/Dev/portfolio-next/node_modules/@unrs/resolver-binding-win32-x64-msvc'
60 silly reify ]
61 verbose reify failed optional dependency /Users/leonardodemurtas/Dev/portfolio-next/node_modules/@unrs/resolver-binding-win32-ia32-msvc
62 silly reify mark deleted [
62 silly reify   '/Users/leonardodemurtas/Dev/portfolio-next/node_modules/@unrs/resolver-binding-win32-ia32-msvc'
62 silly reify ]
63 verbose reify failed optional dependency /Users/leonardodemurtas/Dev/portfolio-next/node_modules/@unrs/resolver-binding-win32-arm64-msvc
64 silly reify mark deleted [
64 silly reify   '/Users/leonardodemurtas/Dev/portfolio-next/node_modules/@unrs/resolver-binding-win32-arm64-msvc'
64 silly reify ]
65 verbose reify failed optional dependency /Users/leonardodemurtas/Dev/portfolio-next/node_modules/@unrs/resolver-binding-wasm32-wasi
66 silly reify mark deleted [
66 silly reify   '/Users/leonardodemurtas/Dev/portfolio-next/node_modules/@unrs/resolver-binding-wasm32-wasi'
66 silly reify ]
67 verbose reify failed optional dependency /Users/leonardodemurtas/Dev/portfolio-next/node_modules/@unrs/resolver-binding-linux-x64-musl
68 silly reify mark deleted [
68 silly reify   '/Users/leonardodemurtas/Dev/portfolio-next/node_modules/@unrs/resolver-binding-linux-x64-musl'
68 silly reify ]
69 verbose reify failed optional dependency /Users/leonardodemurtas/Dev/portfolio-next/node_modules/@unrs/resolver-binding-linux-x64-gnu
70 silly reify mark deleted [
70 silly reify   '/Users/leonardodemurtas/Dev/portfolio-next/node_modules/@unrs/resolver-binding-linux-x64-gnu'
70 silly reify ]
71 verbose reify failed optional dependency /Users/leonardodemurtas/Dev/portfolio-next/node_modules/@unrs/resolver-binding-linux-s390x-gnu
72 silly reify mark deleted [
72 silly reify   '/Users/leonardodemurtas/Dev/portfolio-next/node_modules/@unrs/resolver-binding-linux-s390x-gnu'
72 silly reify ]
73 verbose reify failed optional dependency /Users/leonardodemurtas/Dev/portfolio-next/node_modules/@unrs/resolver-binding-linux-riscv64-musl
74 silly reify mark deleted [
74 silly reify   '/Users/leonardodemurtas/Dev/portfolio-next/node_modules/@unrs/resolver-binding-linux-riscv64-musl'
74 silly reify ]
75 verbose reify failed optional dependency /Users/leonardodemurtas/Dev/portfolio-next/node_modules/@unrs/resolver-binding-linux-riscv64-gnu
76 silly reify mark deleted [
76 silly reify   '/Users/leonardodemurtas/Dev/portfolio-next/node_modules/@unrs/resolver-binding-linux-riscv64-gnu'
76 silly reify ]
77 verbose reify failed optional dependency /Users/leonardodemurtas/Dev/portfolio-next/node_modules/@unrs/resolver-binding-linux-ppc64-gnu
78 silly reify mark deleted [
78 silly reify   '/Users/leonardodemurtas/Dev/portfolio-next/node_modules/@unrs/resolver-binding-linux-ppc64-gnu'
78 silly reify ]
79 verbose reify failed optional dependency /Users/leonardodemurtas/Dev/portfolio-next/node_modules/@unrs/resolver-binding-linux-arm64-musl
80 silly reify mark deleted [
80 silly reify   '/Users/leonardodemurtas/Dev/portfolio-next/node_modules/@unrs/resolver-binding-linux-arm64-musl'
80 silly reify ]
81 verbose reify failed optional dependency /Users/leonardodemurtas/Dev/portfolio-next/node_modules/@unrs/resolver-binding-linux-arm64-gnu
82 silly reify mark deleted [
82 silly reify   '/Users/leonardodemurtas/Dev/portfolio-next/node_modules/@unrs/resolver-binding-linux-arm64-gnu'
82 silly reify ]
83 verbose reify failed optional dependency /Users/leonardodemurtas/Dev/portfolio-next/node_modules/@unrs/resolver-binding-linux-arm-musleabihf
84 silly reify mark deleted [
84 silly reify   '/Users/leonardodemurtas/Dev/portfolio-next/node_modules/@unrs/resolver-binding-linux-arm-musleabihf'
84 silly reify ]
85 verbose reify failed optional dependency /Users/leonardodemurtas/Dev/portfolio-next/node_modules/@unrs/resolver-binding-linux-arm-gnueabihf
86 silly reify mark deleted [
86 silly reify   '/Users/leonardodemurtas/Dev/portfolio-next/node_modules/@unrs/resolver-binding-linux-arm-gnueabihf'
86 silly reify ]
87 verbose reify failed optional dependency /Users/leonardodemurtas/Dev/portfolio-next/node_modules/@unrs/resolver-binding-freebsd-x64
88 silly reify mark deleted [
88 silly reify   '/Users/leonardodemurtas/Dev/portfolio-next/node_modules/@unrs/resolver-binding-freebsd-x64'
88 silly reify ]
89 verbose reify failed optional dependency /Users/leonardodemurtas/Dev/portfolio-next/node_modules/@unrs/resolver-binding-android-arm64
90 silly reify mark deleted [
90 silly reify   '/Users/leonardodemurtas/Dev/portfolio-next/node_modules/@unrs/resolver-binding-android-arm64'
90 silly reify ]
91 verbose reify failed optional dependency /Users/leonardodemurtas/Dev/portfolio-next/node_modules/@unrs/resolver-binding-android-arm-eabi
92 silly reify mark deleted [
92 silly reify   '/Users/leonardodemurtas/Dev/portfolio-next/node_modules/@unrs/resolver-binding-android-arm-eabi'
92 silly reify ]
93 verbose reify failed optional dependency /Users/leonardodemurtas/Dev/portfolio-next/node_modules/@tailwindcss/oxide-win32-x64-msvc
94 silly reify mark deleted [
94 silly reify   '/Users/leonardodemurtas/Dev/portfolio-next/node_modules/@tailwindcss/oxide-win32-x64-msvc'
94 silly reify ]
95 verbose reify failed optional dependency /Users/leonardodemurtas/Dev/portfolio-next/node_modules/@tailwindcss/oxide-win32-arm64-msvc
96 silly reify mark deleted [
96 silly reify   '/Users/leonardodemurtas/Dev/portfolio-next/node_modules/@tailwindcss/oxide-win32-arm64-msvc'
96 silly reify ]
97 verbose reify failed optional dependency /Users/leonardodemurtas/Dev/portfolio-next/node_modules/@tailwindcss/oxide-linux-x64-musl
98 silly reify mark deleted [
98 silly reify   '/Users/leonardodemurtas/Dev/portfolio-next/node_modules/@tailwindcss/oxide-linux-x64-musl'
98 silly reify ]
99 verbose reify failed optional dependency /Users/leonardodemurtas/Dev/portfolio-next/node_modules/@tailwindcss/oxide-linux-x64-gnu
100 silly reify mark deleted [
100 silly reify   '/Users/leonardodemurtas/Dev/portfolio-next/node_modules/@tailwindcss/oxide-linux-x64-gnu'
100 silly reify ]
101 verbose reify failed optional dependency /Users/leonardodemurtas/Dev/portfolio-next/node_modules/@tailwindcss/oxide-linux-arm64-musl
102 silly reify mark deleted [
102 silly reify   '/Users/leonardodemurtas/Dev/portfolio-next/node_modules/@tailwindcss/oxide-linux-arm64-musl'
102 silly reify ]
103 verbose reify failed optional dependency /Users/leonardodemurtas/Dev/portfolio-next/node_modules/@tailwindcss/oxide-linux-arm64-gnu
104 silly reify mark deleted [
104 silly reify   '/Users/leonardodemurtas/Dev/portfolio-next/node_modules/@tailwindcss/oxide-linux-arm64-gnu'
104 silly reify ]
105 verbose reify failed optional dependency /Users/leonardodemurtas/Dev/portfolio-next/node_modules/@tailwindcss/oxide-linux-arm-gnueabihf
106 silly reify mark deleted [
106 silly reify   '/Users/leonardodemurtas/Dev/portfolio-next/node_modules/@tailwindcss/oxide-linux-arm-gnueabihf'
106 silly reify ]
107 verbose reify failed optional dependency /Users/leonardodemurtas/Dev/portfolio-next/node_modules/@tailwindcss/oxide-freebsd-x64
108 silly reify mark deleted [
108 silly reify   '/Users/leonardodemurtas/Dev/portfolio-next/node_modules/@tailwindcss/oxide-freebsd-x64'
108 silly reify ]
109 verbose reify failed optional dependency /Users/leonardodemurtas/Dev/portfolio-next/node_modules/@tailwindcss/oxide-android-arm64
110 silly reify mark deleted [
110 silly reify   '/Users/leonardodemurtas/Dev/portfolio-next/node_modules/@tailwindcss/oxide-android-arm64'
110 silly reify ]
111 verbose reify failed optional dependency /Users/leonardodemurtas/Dev/portfolio-next/node_modules/@next/swc-win32-x64-msvc
112 silly reify mark deleted [
112 silly reify   '/Users/leonardodemurtas/Dev/portfolio-next/node_modules/@next/swc-win32-x64-msvc'
112 silly reify ]
113 verbose reify failed optional dependency /Users/leonardodemurtas/Dev/portfolio-next/node_modules/@next/swc-win32-arm64-msvc
114 silly reify mark deleted [
114 silly reify   '/Users/leonardodemurtas/Dev/portfolio-next/node_modules/@next/swc-win32-arm64-msvc'
114 silly reify ]
115 verbose reify failed optional dependency /Users/leonardodemurtas/Dev/portfolio-next/node_modules/@next/swc-linux-x64-musl
116 silly reify mark deleted [
116 silly reify   '/Users/leonardodemurtas/Dev/portfolio-next/node_modules/@next/swc-linux-x64-musl'
116 silly reify ]
117 verbose reify failed optional dependency /Users/leonardodemurtas/Dev/portfolio-next/node_modules/@next/swc-linux-x64-gnu
118 silly reify mark deleted [
118 silly reify   '/Users/leonardodemurtas/Dev/portfolio-next/node_modules/@next/swc-linux-x64-gnu'
118 silly reify ]
119 verbose reify failed optional dependency /Users/leonardodemurtas/Dev/portfolio-next/node_modules/@next/swc-linux-arm64-musl
120 silly reify mark deleted [
120 silly reify   '/Users/leonardodemurtas/Dev/portfolio-next/node_modules/@next/swc-linux-arm64-musl'
120 silly reify ]
121 verbose reify failed optional dependency /Users/leonardodemurtas/Dev/portfolio-next/node_modules/@next/swc-linux-arm64-gnu
122 silly reify mark deleted [
122 silly reify   '/Users/leonardodemurtas/Dev/portfolio-next/node_modules/@next/swc-linux-arm64-gnu'
122 silly reify ]
123 verbose reify failed optional dependency /Users/leonardodemurtas/Dev/portfolio-next/node_modules/@next/swc-darwin-x64
124 silly reify mark deleted [
124 silly reify   '/Users/leonardodemurtas/Dev/portfolio-next/node_modules/@next/swc-darwin-x64'
124 silly reify ]
125 verbose reify failed optional dependency /Users/leonardodemurtas/Dev/portfolio-next/node_modules/@img/sharp-win32-x64
126 silly reify mark deleted [
126 silly reify   '/Users/leonardodemurtas/Dev/portfolio-next/node_modules/@img/sharp-win32-x64'
126 silly reify ]
127 verbose reify failed optional dependency /Users/leonardodemurtas/Dev/portfolio-next/node_modules/@img/sharp-win32-ia32
128 silly reify mark deleted [
128 silly reify   '/Users/leonardodemurtas/Dev/portfolio-next/node_modules/@img/sharp-win32-ia32'
128 silly reify ]
129 verbose reify failed optional dependency /Users/leonardodemurtas/Dev/portfolio-next/node_modules/@img/sharp-win32-arm64
130 silly reify mark deleted [
130 silly reify   '/Users/leonardodemurtas/Dev/portfolio-next/node_modules/@img/sharp-win32-arm64'
130 silly reify ]
131 verbose reify failed optional dependency /Users/leonardodemurtas/Dev/portfolio-next/node_modules/@img/sharp-wasm32
132 silly reify mark deleted [
132 silly reify   '/Users/leonardodemurtas/Dev/portfolio-next/node_modules/@img/sharp-wasm32'
132 silly reify ]
133 verbose reify failed optional dependency /Users/leonardodemurtas/Dev/portfolio-next/node_modules/@img/sharp-linuxmusl-x64
134 silly reify mark deleted [
134 silly reify   '/Users/leonardodemurtas/Dev/portfolio-next/node_modules/@img/sharp-linuxmusl-x64'
134 silly reify ]
135 verbose reify failed optional dependency /Users/leonardodemurtas/Dev/portfolio-next/node_modules/@img/sharp-linuxmusl-arm64
136 silly reify mark deleted [
136 silly reify   '/Users/leonardodemurtas/Dev/portfolio-next/node_modules/@img/sharp-linuxmusl-arm64'
136 silly reify ]
137 verbose reify failed optional dependency /Users/leonardodemurtas/Dev/portfolio-next/node_modules/@img/sharp-linux-x64
138 silly reify mark deleted [
138 silly reify   '/Users/leonardodemurtas/Dev/portfolio-next/node_modules/@img/sharp-linux-x64'
138 silly reify ]
139 verbose reify failed optional dependency /Users/leonardodemurtas/Dev/portfolio-next/node_modules/@img/sharp-linux-s390x
140 silly reify mark deleted [
140 silly reify   '/Users/leonardodemurtas/Dev/portfolio-next/node_modules/@img/sharp-linux-s390x'
140 silly reify ]
141 verbose reify failed optional dependency /Users/leonardodemurtas/Dev/portfolio-next/node_modules/@img/sharp-linux-riscv64
142 silly reify mark deleted [
142 silly reify   '/Users/leonardodemurtas/Dev/portfolio-next/node_modules/@img/sharp-linux-riscv64'
142 silly reify ]
143 verbose reify failed optional dependency /Users/leonardodemurtas/Dev/portfolio-next/node_modules/@img/sharp-linux-ppc64
144 silly reify mark deleted [
144 silly reify   '/Users/leonardodemurtas/Dev/portfolio-next/node_modules/@img/sharp-linux-ppc64'
144 silly reify ]
145 verbose reify failed optional dependency /Users/leonardodemurtas/Dev/portfolio-next/node_modules/@img/sharp-linux-arm64
146 silly reify mark deleted [
146 silly reify   '/Users/leonardodemurtas/Dev/portfolio-next/node_modules/@img/sharp-linux-arm64'
146 silly reify ]
147 verbose reify failed optional dependency /Users/leonardodemurtas/Dev/portfolio-next/node_modules/@img/sharp-linux-arm
148 silly reify mark deleted [
148 silly reify   '/Users/leonardodemurtas/Dev/portfolio-next/node_modules/@img/sharp-linux-arm'
148 silly reify ]
149 verbose reify failed optional dependency /Users/leonardodemurtas/Dev/portfolio-next/node_modules/@img/sharp-libvips-linuxmusl-x64
150 silly reify mark deleted [
150 silly reify   '/Users/leonardodemurtas/Dev/portfolio-next/node_modules/@img/sharp-libvips-linuxmusl-x64'
150 silly reify ]
151 verbose reify failed optional dependency /Users/leonardodemurtas/Dev/portfolio-next/node_modules/@img/sharp-libvips-linuxmusl-arm64
152 silly reify mark deleted [
152 silly reify   '/Users/leonardodemurtas/Dev/portfolio-next/node_modules/@img/sharp-libvips-linuxmusl-arm64'
152 silly reify ]
153 verbose reify failed optional dependency /Users/leonardodemurtas/Dev/portfolio-next/node_modules/@img/sharp-libvips-linux-x64
154 silly reify mark deleted [
154 silly reify   '/Users/leonardodemurtas/Dev/portfolio-next/node_modules/@img/sharp-libvips-linux-x64'
154 silly reify ]
155 verbose reify failed optional dependency /Users/leonardodemurtas/Dev/portfolio-next/node_modules/@img/sharp-libvips-linux-s390x
156 silly reify mark deleted [
156 silly reify   '/Users/leonardodemurtas/Dev/portfolio-next/node_modules/@img/sharp-libvips-linux-s390x'
156 silly reify ]
157 verbose reify failed optional dependency /Users/leonardodemurtas/Dev/portfolio-next/node_modules/@img/sharp-libvips-linux-riscv64
158 silly reify mark deleted [
158 silly reify   '/Users/leonardodemurtas/Dev/portfolio-next/node_modules/@img/sharp-libvips-linux-riscv64'
158 silly reify ]
159 verbose reify failed optional dependency /Users/leonardodemurtas/Dev/portfolio-next/node_modules/@img/sharp-libvips-linux-ppc64
160 silly reify mark deleted [
160 silly reify   '/Users/leonardodemurtas/Dev/portfolio-next/node_modules/@img/sharp-libvips-linux-ppc64'
160 silly reify ]
161 verbose reify failed optional dependency /Users/leonardodemurtas/Dev/portfolio-next/node_modules/@img/sharp-libvips-linux-arm64
162 silly reify mark deleted [
162 silly reify   '/Users/leonardodemurtas/Dev/portfolio-next/node_modules/@img/sharp-libvips-linux-arm64'
162 silly reify ]
163 verbose reify failed optional dependency /Users/leonardodemurtas/Dev/portfolio-next/node_modules/@img/sharp-libvips-linux-arm
164 silly reify mark deleted [
164 silly reify   '/Users/leonardodemurtas/Dev/portfolio-next/node_modules/@img/sharp-libvips-linux-arm'
164 silly reify ]
165 http cache embla-carousel-reactive-utils@https://registry.npmjs.org/embla-carousel-reactive-utils/-/embla-carousel-reactive-utils-8.6.0.tgz 0ms (cache hit)
166 http cache embla-carousel-react@https://registry.npmjs.org/embla-carousel-react/-/embla-carousel-react-8.6.0.tgz 0ms (cache hit)
167 http cache embla-carousel@https://registry.npmjs.org/embla-carousel/-/embla-carousel-8.6.0.tgz 0ms (cache hit)
168 http cache next@https://registry.npmjs.org/next/-/next-16.0.8.tgz 0ms (cache hit)
169 silly tarball no local data for embla-carousel-reactive-utils@https://registry.npmjs.org/embla-carousel-reactive-utils/-/embla-carousel-reactive-utils-8.6.0.tgz. Extracting by manifest.
170 silly tarball no local data for embla-carousel-react@https://registry.npmjs.org/embla-carousel-react/-/embla-carousel-react-8.6.0.tgz. Extracting by manifest.
171 silly tarball no local data for embla-carousel@https://registry.npmjs.org/embla-carousel/-/embla-carousel-8.6.0.tgz. Extracting by manifest.
172 silly tarball no local data for next@https://registry.npmjs.org/next/-/next-16.0.8.tgz. Extracting by manifest.
173 http cache @next/swc-darwin-arm64@https://registry.npmjs.org/@next/swc-darwin-arm64/-/swc-darwin-arm64-16.0.8.tgz 0ms (cache hit)
174 http cache @next/env@https://registry.npmjs.org/@next/env/-/env-16.0.8.tgz 0ms (cache hit)
175 silly tarball no local data for @next/swc-darwin-arm64@https://registry.npmjs.org/@next/swc-darwin-arm64/-/swc-darwin-arm64-16.0.8.tgz. Extracting by manifest.
176 silly tarball no local data for @next/env@https://registry.npmjs.org/@next/env/-/env-16.0.8.tgz. Extracting by manifest.
177 http fetch POST 200 https://registry.npmjs.org/-/npm/v1/security/advisories/bulk 216ms
178 silly audit report {
178 silly audit report   next: [
178 silly audit report     {
178 silly audit report       id: 1111374,
178 silly audit report       url: 'https://github.com/advisories/GHSA-w37m-7fhw-fmv9',
178 silly audit report       title: 'Next Server Actions Source Code Exposure ',
178 silly audit report       severity: 'moderate',
178 silly audit report       vulnerable_versions: '>=16.0.0-beta.0 <16.0.9',
178 silly audit report       cwe: [Array],
178 silly audit report       cvss: [Object]
178 silly audit report     },
178 silly audit report     {
178 silly audit report       id: 1111383,
178 silly audit report       url: 'https://github.com/advisories/GHSA-mwv6-3258-q52c',
178 silly audit report       title: 'Next Vulnerable to Denial of Service with Server Components',
178 silly audit report       severity: 'high',
178 silly audit report       vulnerable_versions: '>=16.0.0-beta.0 <16.0.9',
178 silly audit report       cwe: [Array],
178 silly audit report       cvss: [Object]
178 silly audit report     }
178 silly audit report   ]
178 silly audit report }
179 silly packumentCache corgi:https://registry.npmjs.org/next cache-miss
180 http fetch GET 200 https://registry.npmjs.org/embla-carousel-reactive-utils/-/embla-carousel-reactive-utils-8.6.0.tgz 213ms (cache miss)
181 http fetch GET 200 https://registry.npmjs.org/@next/env/-/env-16.0.8.tgz 557ms (cache miss)
182 http fetch GET 200 https://registry.npmjs.org/embla-carousel-react/-/embla-carousel-react-8.6.0.tgz 571ms (cache miss)
183 http fetch GET 200 https://registry.npmjs.org/embla-carousel/-/embla-carousel-8.6.0.tgz 1010ms (cache miss)
184 http fetch GET 200 https://registry.npmjs.org/next 1334ms (cache miss)
185 silly packumentCache corgi:https://registry.npmjs.org/next set size:undefined disposed:false
186 http fetch GET 200 https://registry.npmjs.org/@next/swc-darwin-arm64/-/swc-darwin-arm64-16.0.8.tgz 4014ms (cache miss)
187 http fetch GET 200 https://registry.npmjs.org/next/-/next-16.0.8.tgz 5045ms (cache miss)
188 silly ADD node_modules/embla-carousel-reactive-utils
189 silly ADD node_modules/embla-carousel
190 silly ADD node_modules/embla-carousel-react
191 silly ADD
192 silly ADD
193 silly ADD
194 silly ADD
195 silly ADD
196 silly ADD
197 silly ADD
198 silly ADD
199 silly ADD
200 silly ADD
201 silly ADD
202 silly ADD
203 silly ADD
204 silly ADD
205 silly ADD
206 silly ADD
207 silly ADD
208 silly ADD
209 silly ADD
210 silly ADD
211 silly ADD
212 silly ADD
213 silly ADD
214 silly ADD
215 silly ADD
216 silly ADD
217 silly ADD
218 silly ADD
219 silly ADD
220 silly ADD
221 silly ADD
222 silly ADD
223 silly ADD
224 silly ADD
225 silly ADD
226 silly ADD
227 silly ADD
228 silly ADD
229 silly ADD
230 silly ADD
231 silly ADD
232 silly ADD
233 silly ADD
234 silly ADD
235 silly ADD
236 silly ADD
237 silly ADD
238 silly ADD
239 silly ADD
240 silly ADD
241 silly ADD
242 silly ADD
243 silly ADD
244 silly ADD
245 silly ADD
246 silly ADD
247 silly ADD
248 silly ADD
249 silly ADD
250 silly ADD
251 silly ADD
252 silly ADD
253 silly ADD
254 silly CHANGE node_modules/next
255 silly REMOVE node_modules/lucide-react
256 silly CHANGE node_modules/@next/swc-darwin-arm64
257 silly CHANGE node_modules/@next/env
258 verbose cwd /Users/leonardodemurtas/Dev/portfolio-next
259 verbose os Darwin 25.1.0
260 verbose node v22.21.1
261 verbose npm  v10.9.4
262 verbose exit 0
263 info ok
